<?xml version="1.0" encoding="UTF-8"?>
<!-- Generated by org.testng.reporters.JUnitReportReporter -->
<testsuite hostname="ATMECSINLT-044" failures="0" tests="1" name="com.cleartrip.tests.Calendar" time="5.544" errors="0" timestamp="03 Sep 2019 04:45:01 GMT" skipped="0">
  <testcase classname="com.cleartrip.tests.Calendar" name="calendar" time="5.544"/>
</testsuite> <!-- com.cleartrip.tests.Calendar -->
