<?xml version="1.0" encoding="UTF-8"?>
<!-- Generated by org.testng.reporters.JUnitReportReporter -->
<testsuite hostname="ATMECSINLT-044" failures="0" tests="1" name="com.cleartrip.tests.LoginDriver" time="17.209" errors="0" timestamp="04 Sep 2019 07:27:54 GMT" skipped="0">
  <testcase classname="com.cleartrip.tests.LoginDriver" name="launchDriver" time="17.209"/>
</testsuite> <!-- com.cleartrip.tests.LoginDriver -->
